This is LuaTeX, Version 1.0.4 (TeX Live 2017/Arch Linux)  (format=lualatex 2017.8.5)  7 SEP 2017 09:51
 restricted system commands enabled.
**diagram.tex
(./diagram.tex
LaTeX2e <2017-04-15>
Lua module: luaotfload-main 2017/01/29 2.80001 OpenType layout system.
Lua module: lualibs 2017-02-01 2.5 ConTeXt Lua standard libraries.
Lua module: lualibs-extended 2017-02-01 2.5 ConTeXt Lua libraries -- extended co
llection.(using write cache: /home/kshi/.texlive/texmf-var/luatex-cache/generic)
(using read cache: /var/lib/texmf/luatex-cache/generic /home/kshi/.texlive/texmf
-var/luatex-cache/generic)
luaotfload | conf : Root cache directory is /home/kshi/.texlive/texmf-var/luatex
-cache/generic/names.
luaotfload | init : Loading fontloader “fontloader-2017-02-11.lua” from kpse
-resolved path “/usr/share/texmf-dist/tex/luatex/luaotfload/fontloader-2017-02
-11.lua”.
Lua-only attribute luaotfload@state = 1
Lua-only attribute luaotfload@noligature = 2
Lua-only attribute luaotfload@syllabe = 3
luaotfload | init : Context OpenType loader version “3.027”
Inserting `luaotfload.node_processor' at position 1 in `pre_linebreak_filter'.
Inserting `luaotfload.node_processor' at position 1 in `hpack_filter'.
Inserting `luaotfload.define_font' at position 1 in `define_font'.
Lua-only attribute luaotfload_color_attribute = 4
luaotfload | conf : Root cache directory is /home/kshi/.texlive/texmf-var/luatex
-cache/generic/names.
Inserting `luaotfload.aux.set_sscale_dimens' at position 1 in `luaotfload.patch_
font'.
Inserting `luaotfload.aux.patch_cambria_domh' at position 2 in `luaotfload.patch
_font'.
Inserting `luaotfload.aux.fixup_fontdata' at position 1 in `luaotfload.patch_fon
t_unsafe'.
Inserting `luaotfload.aux.set_capheight' at position 3 in `luaotfload.patch_font
'.
Inserting `luaotfload.rewrite_fontname' at position 4 in `luaotfload.patch_font'
.
luaotfload | main : initialization completed in 0.314 seconds
Babel <3.12> and hyphenation patterns for 1 language(s) loaded.

! LaTeX Error: Environment tikzpicture undefined.

See the LaTeX manual or LaTeX Companion for explanation.
Type  H <return>  for immediate help.
 ...                                              
                                                  
l.1 \begin{tikzpicture}
                     
Your command was ignored.
Type  I <command> <return>  to replace it with another command,
or  <return>  to continue without it.

! Undefined control sequence.
l.4 \path
       
The control sequence at the end of the top line
of your error message was never \def'ed. If you have
misspelled it (e.g., `\hobx'), type `I' and the correct
spelling (e.g., `I\hbox'). Otherwise just continue,
and I'll forget about whatever was undefined.


! LaTeX Error: Missing \begin{document}.

See the LaTeX manual or LaTeX Companion for explanation.
Type  H <return>  for immediate help.
 ...                                              
                                                  
l.5     (
        0, 0) node(f) {\(f(x_1, x_2, x_3)\)}
You're in trouble here.  Try typing  <return>  to proceed.
If that doesn't work, type  X <return>  to quit.

LaTeX Font Info:    External font `cmex10' loaded for size
(Font)              <7> on input line 5.
LaTeX Font Info:    External font `cmex10' loaded for size
(Font)              <5> on input line 5.

Overfull \hbox (20.0pt too wide) in paragraph at lines 5--12
[](
 []


Overfull \hbox (53.24309pt too wide) in paragraph at lines 5--12
\OML/cmm/m/it/10 f\OT1/cmr/m/n/10 (\OML/cmm/m/it/10 x[]; x[]; x[]\OT1/cmr/m/n/1
0 )$
 []


Overfull \hbox (38.6181pt too wide) in paragraph at lines 5--12
node(x1)$\OML/cmm/m/it/10 x[]\OT1/cmr/m/n/10 (\OML/cmm/m/it/10 t[]; t[]\OT1/cmr
/m/n/10 )$
 []


Overfull \hbox (38.6181pt too wide) in paragraph at lines 5--12
node(x2)$\OML/cmm/m/it/10 x[]\OT1/cmr/m/n/10 (\OML/cmm/m/it/10 t[]; t[]\OT1/cmr
/m/n/10 )$
 []


Overfull \hbox (38.6181pt too wide) in paragraph at lines 5--12
node(x3)$\OML/cmm/m/it/10 x[]\OT1/cmr/m/n/10 (\OML/cmm/m/it/10 t[]; t[]\OT1/cmr
/m/n/10 )$
 []


Overfull \hbox (8.09724pt too wide) in paragraph at lines 5--12
node(t1)$\OML/cmm/m/it/10 t[]$
 []


Overfull \hbox (8.09724pt too wide) in paragraph at lines 5--12
node(t2)$\OML/cmm/m/it/10 t[]$
 []

! Undefined control sequence.
l.13 \path
        [draw, out=south, in=north, ->]
The control sequence at the end of the top line
of your error message was never \def'ed. If you have
misspelled it (e.g., `\hobx'), type `I' and the correct
spelling (e.g., `I\hbox'). Otherwise just continue,
and I'll forget about whatever was undefined.


! LaTeX Error: Missing \begin{document}.

See the LaTeX manual or LaTeX Companion for explanation.
Type  H <return>  for immediate help.
 ...                                              
                                                  
l.13 \path[
         draw, out=south, in=north, ->]
You're in trouble here.  Try typing  <return>  to proceed.
If that doesn't work, type  X <return>  to quit.


Overfull \hbox (20.0pt too wide) in paragraph at lines 13--17
[][draw,
 []


! LaTeX Error: Missing \begin{document}.

See the LaTeX manual or LaTeX Companion for explanation.
Type  H <return>  for immediate help.
 ...                                              
                                                  
l.18     (
        x1) edge (t1)
You're in trouble here.  Try typing  <return>  to proceed.
If that doesn't work, type  X <return>  to quit.


Overfull \hbox (20.0pt too wide) in paragraph at lines 18--20
[](x1)
 []


! LaTeX Error: Missing \begin{document}.

See the LaTeX manual or LaTeX Companion for explanation.
Type  H <return>  for immediate help.
 ...                                              
                                                  
l.21     (
        x2) edge (t1)
You're in trouble here.  Try typing  <return>  to proceed.
If that doesn't work, type  X <return>  to quit.


Overfull \hbox (20.0pt too wide) in paragraph at lines 21--23
[](x2)
 []


! LaTeX Error: Missing \begin{document}.

See the LaTeX manual or LaTeX Companion for explanation.
Type  H <return>  for immediate help.
 ...                                              
                                                  
l.24     (
        x3) edge (t1)
You're in trouble here.  Try typing  <return>  to proceed.
If that doesn't work, type  X <return>  to quit.


Overfull \hbox (20.0pt too wide) in paragraph at lines 24--26
[](x3)
 []


! LaTeX Error: \begin{document} ended by \end{tikzpicture}.

See the LaTeX manual or LaTeX Companion for explanation.
Type  H <return>  for immediate help.
 ...                                              
                                                  
l.29 \end{tikzpicture}
                    
Your command was ignored.
Type  I <command> <return>  to replace it with another command,
or  <return>  to continue without it.

)
! Emergency stop.
<*> diagram.tex
            
*** (job aborted, no legal \end found)



Here is how much of LuaTeX's memory you used:
 23 strings out of 494472
 100000,89155 words of node,token memory allocated 2845 words of node memory still in use:
   41 hlist, 2 disc, 5 local_par, 1 dir, 11 math, 81 glue, 1 kern, 11 penalty, 2
41 glyph, 13 attribute, 35 glue_spec, 13 attribute_list nodes
   avail lists: 2:2,3:1,4:10,5:2,7:6,8:9,10:9
 4268 multiletter control sequences out of 65536+600000
 24 fonts using 1213415 bytes
 18i,1n,12p,55b,61s stack positions out of 5000i,500n,10000p,200000b,100000s
!  ==> Fatal error occurred, no output PDF file produced!
